<?xml version="1.0" encoding="UTF-8"?>
<testsuite name="chap02.PasswordStrengthMeterTest" tests="3" skipped="0" failures="0" errors="0" timestamp="2022-02-01T16:33:22" hostname="DESKTOP-M84I66U" time="0.028">
  <properties/>
  <testcase name="meterLengthNormalTest()" classname="chap02.PasswordStrengthMeterTest" time="0.024"/>
  <testcase name="meterStrongTest()" classname="chap02.PasswordStrengthMeterTest" time="0.001"/>
  <testcase name="meterNumberNormalTest()" classname="chap02.PasswordStrengthMeterTest" time="0.001"/>
  <system-out><![CDATA[]]></system-out>
  <system-err><![CDATA[]]></system-err>
</testsuite>
