<?xml version="1.0" encoding="UTF-8"?>
<testsuite name="chap02.CalculatorTest" tests="1" skipped="0" failures="0" errors="0" timestamp="2022-01-31T15:18:54" hostname="DESKTOP-M84I66U" time="0.101">
  <properties/>
  <testcase name="plus()" classname="chap02.CalculatorTest" time="0.101"/>
  <system-out><![CDATA[]]></system-out>
  <system-err><![CDATA[]]></system-err>
</testsuite>
